2023-11-04 20:15:03,125 INFO o.s.b.StartupInfoLogger [main] Starting CountriesApiApplication using Java 19.0.2 with PID 24908 (C:\Users\ibrah\IdeaProjects\countries_api\target\classes started by ibrah in C:\Users\ibrah\IdeaProjects\countries_api)
2023-11-04 20:15:03,128 INFO o.s.b.SpringApplication [main] No active profile set, falling back to 1 default profile: "default"
2023-11-04 20:15:03,516 INFO o.s.d.r.c.RepositoryConfigurationDelegate [main] Bootstrapping Spring Data JPA repositories in DEFAULT mode.
2023-11-04 20:15:03,559 INFO o.s.d.r.c.RepositoryConfigurationDelegate [main] Finished Spring Data repository scanning in 36 ms. Found 2 JPA repository interfaces.
2023-11-04 20:15:03,883 INFO o.s.b.w.e.t.TomcatWebServer [main] Tomcat initialized with port(s): 9972 (http)
2023-11-04 20:15:03,888 INFO o.a.j.l.DirectJDKLog [main] Initializing ProtocolHandler ["http-nio-9972"]
2023-11-04 20:15:03,889 INFO o.a.j.l.DirectJDKLog [main] Starting service [Tomcat]
2023-11-04 20:15:03,889 INFO o.a.j.l.DirectJDKLog [main] Starting Servlet engine: [Apache Tomcat/10.1.15]
2023-11-04 20:15:03,953 INFO o.a.j.l.DirectJDKLog [main] Initializing Spring embedded WebApplicationContext
2023-11-04 20:15:03,953 INFO o.s.b.w.s.c.ServletWebServerApplicationContext [main] Root WebApplicationContext: initialization completed in 800 ms
2023-11-04 20:15:04,040 INFO o.h.j.i.u.LogHelper [main] HHH000204: Processing PersistenceUnitInfo [name: default]
2023-11-04 20:15:04,073 INFO o.h.Version [main] HHH000412: Hibernate ORM core version 6.2.13.Final
2023-11-04 20:15:04,074 INFO o.h.c.Environment [main] HHH000406: Using bytecode reflection optimizer
2023-11-04 20:15:04,258 INFO o.s.o.j.p.SpringPersistenceUnitInfo [main] No LoadTimeWeaver setup: ignoring JPA class transformer
2023-11-04 20:15:04,274 INFO c.z.h.HikariDataSource [main] HikariPool-1 - Starting...
2023-11-04 20:15:04,392 INFO c.z.h.p.HikariPool [main] HikariPool-1 - Added connection org.postgresql.jdbc.PgConnection@12214f2f
2023-11-04 20:15:04,393 INFO c.z.h.HikariDataSource [main] HikariPool-1 - Start completed.
2023-11-04 20:15:04,427 WARN o.h.e.j.d.i.DialectFactoryImpl [main] HHH90000025: PostgreSQLDialect does not need to be specified explicitly using 'hibernate.dialect' (remove the property setting and it will be selected by default)
2023-11-04 20:15:04,953 INFO o.h.e.t.j.p.i.JtaPlatformInitiator [main] HHH000489: No JTA platform available (set 'hibernate.transaction.jta.platform' to enable JTA platform integration)
2023-11-04 20:15:04,967 INFO o.h.r.t.b.j.i.DdlTransactionIsolatorNonJtaImpl [main] HHH10001501: Connection obtained from JdbcConnectionAccess [org.hibernate.engine.jdbc.env.internal.JdbcEnvironmentInitiator$ConnectionProviderJdbcConnectionAccess@7bad18f5] for (non-JTA) DDL execution was not in auto-commit mode; the Connection 'local transaction' will be committed and the Connection will be set into auto-commit mode.
2023-11-04 20:15:05,012 INFO o.s.o.j.AbstractEntityManagerFactoryBean [main] Initialized JPA EntityManagerFactory for persistence unit 'default'
2023-11-04 20:15:05,175 WARN o.s.b.a.o.j.JpaBaseConfiguration$JpaWebConfiguration [main] spring.jpa.open-in-view is enabled by default. Therefore, database queries may be performed during view rendering. Explicitly configure spring.jpa.open-in-view to disable this warning
2023-11-04 20:15:05,530 INFO o.a.j.l.DirectJDKLog [main] Starting ProtocolHandler ["http-nio-9972"]
2023-11-04 20:15:05,542 INFO o.s.b.w.e.t.TomcatWebServer [main] Tomcat started on port(s): 9972 (http) with context path ''
2023-11-04 20:15:05,548 INFO o.s.b.StartupInfoLogger [main] Started CountriesApiApplication in 2.671 seconds (process running for 3.173)
2023-11-04 20:15:24,354 INFO o.a.j.l.DirectJDKLog [http-nio-9972-exec-1] Initializing Spring DispatcherServlet 'dispatcherServlet'
2023-11-04 20:15:24,354 INFO o.s.w.s.FrameworkServlet [http-nio-9972-exec-1] Initializing Servlet 'dispatcherServlet'
2023-11-04 20:15:24,355 INFO o.s.w.s.FrameworkServlet [http-nio-9972-exec-1] Completed initialization in 1 ms
2023-11-04 20:16:54,382 INFO o.s.o.j.AbstractEntityManagerFactoryBean [SpringApplicationShutdownHook] Closing JPA EntityManagerFactory for persistence unit 'default'
2023-11-04 20:16:54,383 INFO c.z.h.HikariDataSource [SpringApplicationShutdownHook] HikariPool-1 - Shutdown initiated...
2023-11-04 20:16:54,385 INFO c.z.h.HikariDataSource [SpringApplicationShutdownHook] HikariPool-1 - Shutdown completed.
